20150716.1429.13 info  MUD            CoffeeMud v5.8.5
20150716.1429.13 info  MUD            (C) 2000-2014 Bo Zimmerman
20150716.1429.13 info  MUD            http://www.coffeemud.org
20150716.1429.13 info  HOST0          Disabled subsystems: DBERRORQUESTART
20150716.1429.13 info  MUD@5555       MUD Server started on port: 5555
20150716.1429.13 info  HOST0          Connected to jdbc:fakedb:resources/fakedb
20150716.1429.13 debug HOST0          SSL not configured.
20150716.1429.14 debug HOST0          SSL not configured.
20150716.1429.14 error SMTP           Set your coffeemud.ini parameter: DOMAIN
20150716.1429.14 info  cweb-admin0    Started http admin0 on port 27777
20150716.1429.14 info  cweb-pub0      Started http pub0 on port 27744
20150716.1429.14 debug cweb-admin0Tim Timeout Thread started
20150716.1429.14 error cweb-pub0      Port 80: Address already in use: bind
20150716.1429.14 debug cweb-pub0Timeo Timeout Thread started
20150716.1429.14 error WebMacroCreame No web macro: 'SipletInterface'
20150716.1429.14 info  HOST0          WebMacros loaded  : 173
20150716.1429.14 error DefCharStats   Detected mob with 16/1 STR
20150716.1429.14 error DefCharStats   Detected mob with 18/1 DEX
20150716.1429.14 error DefCharStats   Detected mob with 18/1 STR
20150716.1429.14 error DefCharStats   Detected mob with 16/1 DEX
20150716.1429.14 error DefCharStats   Detected mob with 12/1 STR
20150716.1429.14 error DefCharStats   Detected mob with 17/1 DEX
20150716.1429.14 error DefCharStats   Detected mob with 13/1 STR
20150716.1429.14 error DefCharStats   Detected mob with 15/1 STR
20150716.1429.14 error DefCharStats   Detected mob with 14/1 DEX
20150716.1429.14 error DefCharStats   Detected mob with 20/1 STR
20150716.1429.14 error DefCharStats   Detected mob with 13/1 DEX
20150716.1429.14 error DefCharStats   Detected mob with 8/1 INT
20150716.1429.14 error DefCharStats   Detected mob with 15/1 DEX
20150716.1429.14 error DefCharStats   Detected mob with 29/1 STR
20150716.1429.14 error DefCharStats   Detected mob with 9/1 DEX
20150716.1429.14 error DefCharStats   Detected mob with 11/1 INT
20150716.1429.14 error DefCharStats   Detected mob with 9/1 STR
20150716.1429.14 error DefCharStats   Detected mob with 9/1 INT
20150716.1429.14 error DefCharStats   Detected mob with 22/1 STR
20150716.1429.14 error DefCharStats   Detected mob with 11/1 STR
20150716.1429.14 info  HOST0          MOB Types loaded  : 132
20150716.1429.14 info  HOST0          Exit Types loaded : 27
20150716.1429.14 info  HOST0          Area Types loaded : 13
20150716.1429.14 info  HOST0          Locales loaded    : 102
20150716.1429.14 info  HOST0          Fighter Skills    : 134
20150716.1429.14 info  HOST0          Chants loaded     : 255
20150716.1429.14 info  HOST0          Languages loaded  : 49
20150716.1429.15 info  HOST0          Properties loaded : 223
20150716.1429.15 info  HOST0          Prayers loaded    : 270
20150716.1429.15 info  HOST0          Skills loaded     : 279
20150716.1429.15 info  HOST0          Songs loaded      : 148
20150716.1429.15 info  HOST0          Spells loaded     : 362
20150716.1429.15 info  HOST0          Heroics loaded    : 6
20150716.1429.15 info  HOST0          Tech Skills loaded: 2
20150716.1429.15 info  HOST0          Traps loaded      : 75
20150716.1429.15 info  HOST0          Basic Items loaded: 106
20150716.1429.15 info  HOST0          Weapons loaded    : 57
20150716.1429.15 info  HOST0          Armor loaded      : 50
20150716.1429.15 info  HOST0          Magic Items loaded: 41
20150716.1429.15 info  HOST0          Clan Items loaded : 19
20150716.1429.15 info  HOST0          Electronics loaded: 56
20150716.1429.15 info  HOST0          Behaviors loaded  : 95
20150716.1429.16 info  HOST0          Commands loaded   : 269
20150716.1429.16 info  HOST0          Races loaded      : 173
20150716.1429.16 info  HOST0          Classes loaded    : 49
20150716.1429.19 info  HOST0          Expertises defined: 1568
20150716.1429.19 info  HOST0          Channels loaded   : 20
20150716.1429.19 info  HOST0          Socials loaded    : 308
20150716.1429.19 info  HOST0          Clans loaded      : 0
20150716.1429.19 info  CM1Server0@277 Started CM1Server0@27733 on port 27733
20150716.1429.19 info  I3Server       InterMud3 Core (c)1996 George Reese
20150716.1429.19 error Intermud       Please set ADMINEMAIL in your coffeemud.ini file.
20150716.1429.19 info  Intermud3      I3 client connection: 204.209.44.3@8080
20150716.1429.19 info  I3Server       InterMud3 Server started on port 27766
20150716.1429.19 info  HOST0          Loading catalog...
20150716.1429.19 info  HOST0          Loading map...
20150716.1429.19 info  HOST0          Preparing map...
20150716.1429.19 info  HOST0          Mapped rooms      : 1 in 1 areas
20150716.1429.19 info  HOST0          Services and utilities started
20150716.1429.19 info  HOST0          Host#0 initializated.
20150716.1429.20 info  MUD            Initialization complete.
20150716.1432.41 warni MOBloader      Reset the birthday of player 'Kudos' (Might have been holdover from being first-year player)
20150716.1432.53 info  Worker0#5      Connection from 0:0:0:0:0:0:0:1
20150716.1433.01 info  Worker0#3      Disconnect: 0:0:0:0:0:0:0:1 (7s)
20150716.1433.43 info  Worker0#5      Connection from 0:0:0:0:0:0:0:1
20150716.1433.54 info  Worker0#3      Failed login: Rrrr
20150716.1433.59 info  Worker0#5      Creating user: Rrrrrrrr
20150716.1434.14 info  Worker0#1      Created user: Rrrrrrrr
20150716.1434.14 info  Worker0#1      0:0:0:0:0:0:0:1 siplet MXP MSDP GMCP ANSI, character login: Rrrrrrrr
20150716.1441.32 info  Worker0#2      Connection from 0:0:0:0:0:0:0:1
20150716.1441.34 info  Worker0#4      Connection from 0:0:0:0:0:0:0:1
20150716.1441.47 info  Worker0#4      Creating user: Killer
20150716.1442.54 info  Worker0#4      Created user: Killer
20150716.1442.54 info  Worker0#4      0:0:0:0:0:0:0:1 siplet MXP MSDP GMCP ANSI, character login: Killer
20150716.1443.43 info  Worker0#3      Disconnect: 0:0:0:0:0:0:0:1 (2m)
20150716.1444.25 info  Worker0#5      Connection from 0:0:0:0:0:0:0:1
20150716.1459.19 info  THSessions0    Kicking out login session after 15m 55s 696ms.
20150716.1459.19 info  Worker0#2      Disconnect: 0:0:0:0:0:0:0:1 (15m)
20150716.1459.27 info  Grinder        Kudos added room New Area#0
20150716.1500.17 info  Grinder        Kudos modified room New Area#0.
20150716.1726.43 info  Worker0#6      Logout: Rrrrrrrr (3h)
20150716.1726.43 info  Worker0#6      Disconnect: Rrrrrrrr: 0:0:0:0:0:0:0:1 (3h)
20150716.1727.03 info  Worker0#2      Logout: Killer (3h)
20150716.1727.03 info  Worker0#2      Disconnect: Killer: 0:0:0:0:0:0:0:1 (3h)
